<?xml version="1.0" encoding="UTF-8"?>
<testng-results skipped="0" failed="1" total="1" passed="0">
  <reporter-output>
  </reporter-output>
  <suite name="Default suite" duration-ms="41512" started-at="2015-01-22T19:53:43Z" finished-at="2015-01-22T19:54:24Z">
    <groups>
    </groups>
    <test name="Default test" duration-ms="41512" started-at="2015-01-22T19:53:43Z" finished-at="2015-01-22T19:54:24Z">
      <class name="loginTest.KweekweekLoginTest">
        <test-method status="PASS" signature="setup()[pri:0, instance:loginTest.KweekweekLoginTest@a4a92b]" name="setup" is-config="true" duration-ms="12376" started-at="2015-01-22T21:53:43Z" finished-at="2015-01-22T21:53:55Z">
          <reporter-output>
          </reporter-output>
        </test-method> <!-- setup -->
        <test-method status="FAIL" signature="forgotPasswordMail()[pri:0, instance:loginTest.KweekweekLoginTest@a4a92b]" name="forgotPasswordMail" duration-ms="21506" started-at="2015-01-22T21:53:55Z" finished-at="2015-01-22T21:54:17Z">
          <exception class="java.lang.AssertionError">
            <message>
              <![CDATA[expected [true] but found [false]]]>
            </message>
            <full-stacktrace>
              <![CDATA[java.lang.AssertionError: expected [true] but found [false]
	at org.testng.Assert.fail(Assert.java:94)
	at org.testng.Assert.failNotEquals(Assert.java:494)
	at org.testng.Assert.assertTrue(Assert.java:42)
	at org.testng.Assert.assertTrue(Assert.java:52)
	at loginTest.KweekweekLoginTest.forgotPasswordMail(KweekweekLoginTest.java:165)
	at sun.reflect.NativeMethodAccessorImpl.invoke0(Native Method)
	at sun.reflect.NativeMethodAccessorImpl.invoke(NativeMethodAccessorImpl.java:62)
	at sun.reflect.DelegatingMethodAccessorImpl.invoke(DelegatingMethodAccessorImpl.java:43)
	at java.lang.reflect.Method.invoke(Method.java:483)
	at org.testng.internal.MethodInvocationHelper.invokeMethod(MethodInvocationHelper.java:84)
	at org.testng.internal.Invoker.invokeMethod(Invoker.java:714)
	at org.testng.internal.Invoker.invokeTestMethod(Invoker.java:901)
	at org.testng.internal.Invoker.invokeTestMethods(Invoker.java:1231)
	at org.testng.internal.TestMethodWorker.invokeTestMethods(TestMethodWorker.java:127)
	at org.testng.internal.TestMethodWorker.run(TestMethodWorker.java:111)
	at org.testng.TestRunner.privateRun(TestRunner.java:767)
	at org.testng.TestRunner.run(TestRunner.java:617)
	at org.testng.SuiteRunner.runTest(SuiteRunner.java:334)
	at org.testng.SuiteRunner.runSequentially(SuiteRunner.java:329)
	at org.testng.SuiteRunner.privateRun(SuiteRunner.java:291)
	at org.testng.SuiteRunner.run(SuiteRunner.java:240)
	at org.testng.SuiteRunnerWorker.runSuite(SuiteRunnerWorker.java:52)
	at org.testng.SuiteRunnerWorker.run(SuiteRunnerWorker.java:86)
	at org.testng.TestNG.runSuitesSequentially(TestNG.java:1224)
	at org.testng.TestNG.runSuitesLocally(TestNG.java:1149)
	at org.testng.TestNG.run(TestNG.java:1057)
	at org.testng.remote.RemoteTestNG.run(RemoteTestNG.java:111)
	at org.testng.remote.RemoteTestNG.initAndRun(RemoteTestNG.java:204)
	at org.testng.remote.RemoteTestNG.main(RemoteTestNG.java:175)
]]>
            </full-stacktrace>
          </exception> <!-- java.lang.AssertionError -->
          <reporter-output>
          </reporter-output>
        </test-method> <!-- forgotPasswordMail -->
        <test-method status="PASS" signature="tearDown(org.testng.ITestResult)[pri:0, instance:loginTest.KweekweekLoginTest@a4a92b]" name="tearDown" is-config="true" duration-ms="7598" started-at="2015-01-22T21:54:17Z" finished-at="2015-01-22T21:54:24Z">
          <params>
            <param index="0">
              <value>
                <![CDATA[[TestResult name=forgotPasswordMail status=FAILURE method=KweekweekLoginTest.forgotPasswordMail()[pri:0, instance:loginTest.KweekweekLoginTest@a4a92b] output={null}]]]>
              </value>
            </param>
          </params>
          <reporter-output>
          </reporter-output>
        </test-method> <!-- tearDown -->
      </class> <!-- loginTest.KweekweekLoginTest -->
    </test> <!-- Default test -->
  </suite> <!-- Default suite -->
</testng-results>
